2019-11-28 22:00:27,788 INFO     server.py     Запущен сервер, порт для подключений: 7777, адрес с которого принимаются подключения: . Если адрес не указан, принимаются соединения с любых адресов.
2019-11-28 22:00:32,412 INFO     server.py     Запущен сервер, порт для подключений: 7777, адрес с которого принимаются подключения: . Если адрес не указан, принимаются соединения с любых адресов.
2019-11-28 22:00:41,372 INFO     server.py     Запущен сервер, порт для подключений: 7777, адрес с которого принимаются подключения: . Если адрес не указан, принимаются соединения с любых адресов.
2019-11-28 22:00:45,820 INFO     server.py     Установлено соединение с ПК 
2019-11-28 22:00:45,820 DEBUG    server.py     Получено сообщение {'action': 'presence', 'time': 1574964045.8205476, 'user': {'account_name': 'Guest'}}
2019-11-28 22:00:45,821 DEBUG    server.py     Обработка сообщения от клиента: {'action': 'presence', 'time': 1574964045.8205476, 'user': {'account_name': 'Guest'}}
2019-11-28 22:00:45,821 INFO     server.py     Создан ответ клиенту {'response': 200}
2019-11-28 22:00:45,821 DEBUG    server.py     Закрытие соединения с клиентом: 
2019-12-01 13:59:51,125 INFO     server.py     Запущен сервер, порт для подключений: 7777, адрес с которого принимаются подключения: . Если адрес не указан, принимаются соединения с любых адресов.
2019-12-01 13:59:57,143 INFO     server.py     Установлено соединение с ПК 
2019-12-01 13:59:57,153 ERROR    server.py     Не удалось декодировать сообщение от клиента . Закрытие соединения.
2019-12-01 14:00:53,061 INFO     server.py     Установлено соединение с ПК 
2019-12-01 14:00:53,064 ERROR    server.py     Не удалось декодировать сообщение от клиента . Закрытие соединения.
2019-12-01 14:01:10,914 INFO     server.py     Запущен сервер, порт для подключений: 7777, адрес с которого принимаются подключения: . Если адрес не указан, принимаются соединения с любых адресов.
2019-12-01 14:01:27,373 INFO     server.py     Запущен сервер, порт для подключений: 7777, адрес с которого принимаются подключения: . Если адрес не указан, принимаются соединения с любых адресов.
2019-12-01 14:01:59,326 INFO     server.py     Запущен сервер, порт для подключений: 7777, адрес с которого принимаются подключения: . Если адрес не указан, принимаются соединения с любых адресов.
2019-12-01 14:03:07,034 INFO     server.py     Запущен сервер, порт для подключений: 7777, адрес с которого принимаются подключения: . Если адрес не указан, принимаются соединения с любых адресов.
2019-12-01 14:04:39,302 INFO     server.py     Запущен сервер, порт для подключений: 7777, адрес с которого принимаются подключения: . Если адрес не указан, принимаются соединения с любых адресов.
2019-12-01 20:32:52,783 INFO     server.py     Запущен сервер, порт для подключений: 7777, адрес с которого принимаются подключения: . Если адрес не указан, принимаются соединения с любых адресов.
2019-12-01 20:33:05,581 INFO     server.py     Установлено соединение с ПК 
2019-12-01 20:33:05,592 ERROR    server.py     Не удалось декодировать сообщение от клиента . Закрытие соединения.
2019-12-01 20:33:45,733 INFO     server.py     Установлено соединение с ПК 
2019-12-01 20:33:45,733 DEBUG    server.py     Получено сообщение {'action': 'presence', 'time': 1575218025.7331653, 'user': {'account_name': 'Guest'}}
2019-12-01 20:33:45,733 DEBUG    server.py     Обработка сообщения от клиента: {'action': 'presence', 'time': 1575218025.7331653, 'user': {'account_name': 'Guest'}}
2019-12-01 20:33:45,733 INFO     server.py     Создан ответ клиенту {'response': 200}
2019-12-01 20:33:45,733 DEBUG    server.py     Закрытие соединения с клиентом: 
2019-12-01 20:35:54,715 INFO     server.py     Установлено соединение с ПК 
2019-12-01 20:35:54,715 DEBUG    server.py     Получено сообщение {'action': 'presence', 'time': 1575218154.7149627, 'user': {'account_name': 'Guest'}}
2019-12-01 20:35:54,715 DEBUG    server.py     Обработка сообщения от клиента: {'action': 'presence', 'time': 1575218154.7149627, 'user': {'account_name': 'Guest'}}
2019-12-01 20:35:54,715 INFO     server.py     Создан ответ клиенту {'response': 200}
2019-12-01 20:35:54,716 DEBUG    server.py     Закрытие соединения с клиентом: 
2019-12-01 20:36:29,904 INFO     server.py     Установлено соединение с ПК 
2019-12-01 20:36:29,905 DEBUG    server.py     Получено сообщение {'action': 'presence', 'time': 1575218189.904737, 'user': {'account_name': 'Guest'}}
2019-12-01 20:36:29,905 DEBUG    server.py     Обработка сообщения от клиента: {'action': 'presence', 'time': 1575218189.904737, 'user': {'account_name': 'Guest'}}
2019-12-01 20:36:29,905 INFO     server.py     Создан ответ клиенту {'response': 200}
2019-12-01 20:36:29,905 DEBUG    server.py     Закрытие соединения с клиентом: 
2019-12-01 20:36:52,596 INFO     server.py     Установлено соединение с ПК 
2019-12-01 20:36:52,596 DEBUG    server.py     Получено сообщение {'action': 'presence', 'time': 1575218212.5960643, 'user': {'account_name': 'Guest'}}
2019-12-01 20:36:52,596 DEBUG    server.py     Обработка сообщения от клиента: {'action': 'presence', 'time': 1575218212.5960643, 'user': {'account_name': 'Guest'}}
2019-12-01 20:36:52,596 INFO     server.py     Создан ответ клиенту {'response': 200}
2019-12-01 20:36:52,596 DEBUG    server.py     Закрытие соединения с клиентом: 
2019-12-01 20:37:02,853 INFO     server.py     Установлено соединение с ПК 
2019-12-01 20:37:02,853 DEBUG    server.py     Получено сообщение {'action': 'presence', 'time': 1575218222.8534167, 'user': {'account_name': 'Guest'}}
2019-12-01 20:37:02,854 DEBUG    server.py     Обработка сообщения от клиента: {'action': 'presence', 'time': 1575218222.8534167, 'user': {'account_name': 'Guest'}}
2019-12-01 20:37:02,854 INFO     server.py     Создан ответ клиенту {'response': 200}
2019-12-01 20:37:02,854 DEBUG    server.py     Закрытие соединения с клиентом: 
2019-12-01 20:37:17,950 INFO     server.py     Установлено соединение с ПК 
2019-12-01 20:37:17,951 DEBUG    server.py     Получено сообщение {'action': 'presence', 'time': 1575218237.950817, 'user': {'account_name': 'Guest'}}
2019-12-01 20:37:17,951 DEBUG    server.py     Обработка сообщения от клиента: {'action': 'presence', 'time': 1575218237.950817, 'user': {'account_name': 'Guest'}}
2019-12-01 20:37:17,951 INFO     server.py     Создан ответ клиенту {'response': 200}
2019-12-01 20:37:17,951 DEBUG    server.py     Закрытие соединения с клиентом: 
2019-12-01 20:38:19,018 INFO     server.py     Запущен сервер, порт для подключений: 7777, адрес с которого принимаются подключения: . Если адрес не указан, принимаются соединения с любых адресов.
2019-12-01 20:38:24,564 INFO     server.py     Установлено соединение с ПК 
2019-12-01 20:38:24,564 DEBUG    server.py     Получено сообщение {'action': 'presence', 'time': 1575218304.5640912, 'user': {'account_name': 'Guest'}}
2019-12-01 20:38:24,565 DEBUG    server.py     Обработка сообщения от клиента: {'action': 'presence', 'time': 1575218304.5640912, 'user': {'account_name': 'Guest'}}
2019-12-01 20:38:24,565 DEBUG    decorators.py Вызвана функция process_client_message c параметрами ({'action': 'presence', 'time': 1575218304.5640912, 'user': {'account_name': 'Guest'}},), {}. Вызов из модуля __main__
2019-12-01 20:38:24,565 INFO     server.py     Создан ответ клиенту {'response': 200}
2019-12-01 20:38:24,565 DEBUG    server.py     Закрытие соединения с клиентом: 
2019-12-01 20:38:51,009 DEBUG    decorators.py Вызвана функция arg_parser c параметрами (), {}. Вызов из модуля __main__
2019-12-01 20:38:51,009 INFO     server.py     Запущен сервер, порт для подключений: 7777, адрес с которого принимаются подключения: . Если адрес не указан, принимаются соединения с любых адресов.
2019-12-01 20:39:00,227 DEBUG    decorators.py Вызвана функция arg_parser c параметрами (), {}. Вызов из модуля __main__
2019-12-01 20:39:00,227 INFO     server.py     Запущен сервер, порт для подключений: 7777, адрес с которого принимаются подключения: . Если адрес не указан, принимаются соединения с любых адресов.
2019-12-01 20:39:14,812 DEBUG    decorators.py Вызвана функция arg_parser c параметрами (), {}. Вызов из модуля __main__
2019-12-01 20:39:14,812 INFO     server.py     Запущен сервер, порт для подключений: 7777, адрес с которого принимаются подключения: . Если адрес не указан, принимаются соединения с любых адресов.
2019-12-01 20:39:43,584 DEBUG    decorators.py Вызвана функция arg_parser c параметрами (), {}. Вызов из модуля __main__
2019-12-01 20:39:43,584 INFO     server.py     Запущен сервер, порт для подключений: 7777, адрес с которого принимаются подключения: . Если адрес не указан, принимаются соединения с любых адресов.
2019-12-01 20:39:49,236 INFO     server.py     Установлено соединение с ПК 
2019-12-01 20:39:49,236 DEBUG    server.py     Получено сообщение {'action': 'presence', 'time': 1575218389.2360086, 'user': {'account_name': 'Guest'}}
2019-12-01 20:39:49,236 DEBUG    server.py     Обработка сообщения от клиента: {'action': 'presence', 'time': 1575218389.2360086, 'user': {'account_name': 'Guest'}}
2019-12-01 20:39:49,236 DEBUG    decorators.py Вызвана функция process_client_message c параметрами ({'action': 'presence', 'time': 1575218389.2360086, 'user': {'account_name': 'Guest'}},), {}. Вызов из модуля __main__
2019-12-01 20:39:49,237 INFO     server.py     Создан ответ клиенту {'response': 200}
2019-12-01 20:39:49,237 DEBUG    server.py     Закрытие соединения с клиентом: 
2019-12-01 20:40:36,639 INFO     server.py     Установлено соединение с ПК 
2019-12-01 20:40:36,639 DEBUG    server.py     Получено сообщение {'action': 'presence', 'time': 1575218436.6389573, 'user': {'account_name': 'Guest'}}
2019-12-01 20:40:36,639 DEBUG    server.py     Обработка сообщения от клиента: {'action': 'presence', 'time': 1575218436.6389573, 'user': {'account_name': 'Guest'}}
2019-12-01 20:40:36,639 DEBUG    decorators.py Вызвана функция process_client_message c параметрами ({'action': 'presence', 'time': 1575218436.6389573, 'user': {'account_name': 'Guest'}},), {}. Вызов из модуля __main__
2019-12-01 20:40:36,639 INFO     server.py     Создан ответ клиенту {'response': 200}
2019-12-01 20:40:36,639 DEBUG    server.py     Закрытие соединения с клиентом: 
2019-12-01 23:00:08,051 DEBUG    decorators.py Вызвана функция arg_parser c параметрами: (), {}. Из модуля: __main__
2019-12-01 23:00:08,051 INFO     server.py     Сервер запущен. Порт подключения: 7777, адрес: .
2019-12-01 23:00:28,821 DEBUG    decorators.py Вызвана функция arg_parser c параметрами: (), {}. Из модуля: __main__
2019-12-01 23:00:28,821 INFO     server.py     Сервер запущен. Порт подключения: 7777, адрес: .
2019-12-01 23:01:37,569 DEBUG    decorators.py Вызвана функция arg_parser c параметрами: (), {}. Из модуля: __main__
2019-12-01 23:01:37,569 INFO     server.py     Сервер запущен. Порт подключения: 7777, адрес: .
2019-12-01 23:03:13,844 DEBUG    decorators.py Вызвана функция arg_parser c параметрами: (), {}. Из модуля: __main__
2019-12-01 23:03:13,844 INFO     server.py     Сервер запущен. Порт подключения: 7777, адрес: .
2019-12-01 23:18:30,137 DEBUG    decorators.py Вызвана функция arg_parser c параметрами: (), {}. Из модуля: __main__
2019-12-01 23:18:30,138 INFO     server.py     Сервер запущен. Порт подключения: 7777, адрес: .
2019-12-01 23:18:34,776 INFO     server.py     Установлено соединение с ПК ('127.0.0.1', 43756)
2019-12-01 23:18:35,778 DEBUG    server.py     Обработка сообщения от клиента: {'action': 'presence', 'time': 1575227914.7760763, 'user': {'account_name': 'Guest'}}
2019-12-01 23:18:35,779 DEBUG    decorators.py Вызвана функция process_client_message c параметрами: ({'action': 'presence', 'time': 1575227914.7760763, 'user': {'account_name': 'Guest'}}, [], <socket.socket fd=6, family=AddressFamily.AF_INET, type=SocketKind.SOCK_STREAM, proto=0, laddr=('127.0.0.1', 7777), raddr=('127.0.0.1', 43756)>), {}. Из модуля: __main__
2019-12-01 23:40:57,163 INFO     server.py     Клиент ('127.0.0.1', 43756) отключился
2019-12-01 23:40:58,165 INFO     server.py     Клиент ('127.0.0.1', 43756) отключился
2019-12-01 23:41:11,929 DEBUG    decorators.py Вызвана функция arg_parser c параметрами: (), {}. Из модуля: __main__
2019-12-01 23:41:11,929 INFO     server.py     Сервер запущен. Порт подключения: 7777, адрес: .
2019-12-01 23:41:24,411 INFO     server.py     Установлено соединение с ПК ('127.0.0.1', 43808)
2019-12-01 23:41:24,411 DEBUG    server.py     Обработка сообщения от клиента: {'action': 'presence', 'time': 1575229284.4114833, 'user': {'account_name': 'Guest'}}
2019-12-01 23:41:24,412 DEBUG    decorators.py Вызвана функция process_client_message c параметрами: ({'action': 'presence', 'time': 1575229284.4114833, 'user': {'account_name': 'Guest'}}, [], <socket.socket fd=6, family=AddressFamily.AF_INET, type=SocketKind.SOCK_STREAM, proto=0, laddr=('127.0.0.1', 7777), raddr=('127.0.0.1', 43808)>), {}. Из модуля: __main__
2019-12-01 23:42:06,458 INFO     server.py     Клиент ('127.0.0.1', 43808) отключился
2019-12-01 23:42:07,460 INFO     server.py     Клиент ('127.0.0.1', 43808) отключился
2019-12-01 23:43:41,654 DEBUG    decorators.py Вызвана функция arg_parser c параметрами: (), {}. Из модуля: __main__
2019-12-01 23:43:41,654 INFO     server.py     Сервер запущен. Порт подключения: 7777, адрес: .
2019-12-01 23:43:59,437 DEBUG    decorators.py Вызвана функция arg_parser c параметрами: (), {}. Из модуля: __main__
2019-12-01 23:43:59,437 INFO     server.py     Сервер запущен. Порт подключения: 7777, адрес: .
2019-12-01 23:44:37,299 INFO     server.py     Установлено соединение с ПК ('127.0.0.1', 43810)
2019-12-01 23:44:37,300 DEBUG    server.py     Обработка сообщения от клиента: {'action': 'presence', 'time': 1575229477.2996597, 'user': {'account_name': 'Guest'}}
2019-12-01 23:44:37,300 DEBUG    decorators.py Вызвана функция process_client_message c параметрами: ({'action': 'presence', 'time': 1575229477.2996597, 'user': {'account_name': 'Guest'}}, [], <socket.socket fd=6, family=AddressFamily.AF_INET, type=SocketKind.SOCK_STREAM, proto=0, laddr=('127.0.0.1', 7777), raddr=('127.0.0.1', 43810)>), {}. Из модуля: __main__
2019-12-01 23:44:41,304 INFO     server.py     Клиент ('127.0.0.1', 43810) отключился
2019-12-01 23:44:42,305 INFO     server.py     Клиент ('127.0.0.1', 43810) отключился
